<?xml version="1.0" encoding="UTF-8"?>
<!-- Generated by org.testng.reporters.JUnitReportReporter -->
<testsuite hostname="Naveen" failures="0" tests="1" name="hello.CreateCampaignTest" time="45.299" errors="0" timestamp="2025-02-12T21:27:32 IST" skipped="0">
  <testcase classname="hello.CreateCampaignTest" name="createCampaignTest" time="45.299"/>
</testsuite> <!-- hello.CreateCampaignTest -->
